{
  "stats": {
    "suites": 6,
    "tests": 7,
    "passes": 6,
    "pending": 1,
    "failures": 0,
    "start": "2017-02-21T11:05:34.939Z",
    "end": "2017-02-21T11:05:37.550Z",
    "duration": 2611,
    "testsRegistered": 7,
    "passPercent": 100,
    "pendingPercent": 14.3,
    "other": 0,
    "hasOther": false,
    "skipped": 0,
    "hasSkipped": false,
    "passPercentClass": "success",
    "pendingPercentClass": "danger"
  },
  "suites": {
    "title": "",
    "suites": [
      {
        "title": "测试异步请求",
        "suites": [],
        "tests": [
          {
            "title": "测试异步请求返回一个对象",
            "fullTitle": "测试异步请求 测试异步请求返回一个对象",
            "timedOut": false,
            "duration": 49,
            "state": "passed",
            "speed": "medium",
            "pass": true,
            "fail": false,
            "pending": false,
            "code": "request\n    .get('http://localhost:3000/api/test')\n    .end(function(err, res){\n        assert.deepEqual(res.body,Object)\n        next();\n    });",
            "err": {},
            "isRoot": false,
            "uuid": "a621bd9e-f7e2-4e81-b9cb-ef10db0175ea",
            "parentUUID": "ffebaa19-25dd-48b6-b33e-05d914b22b79",
            "skipped": false
          }
        ],
        "pending": [],
        "root": false,
        "_timeout": null,
        "file": "/test/lib/async.js",
        "uuid": "ffebaa19-25dd-48b6-b33e-05d914b22b79",
        "fullFile": "/Volumes/zxli/Code/DemoOfMocha/test/lib/async.js",
        "passes": [
          {
            "title": "测试异步请求返回一个对象",
            "fullTitle": "测试异步请求 测试异步请求返回一个对象",
            "timedOut": false,
            "duration": 49,
            "state": "passed",
            "speed": "medium",
            "pass": true,
            "fail": false,
            "pending": false,
            "code": "request\n    .get('http://localhost:3000/api/test')\n    .end(function(err, res){\n        assert.deepEqual(res.body,Object)\n        next();\n    });",
            "err": {},
            "isRoot": false,
            "uuid": "a621bd9e-f7e2-4e81-b9cb-ef10db0175ea",
            "parentUUID": "ffebaa19-25dd-48b6-b33e-05d914b22b79",
            "skipped": false
          }
        ],
        "failures": [],
        "skipped": [],
        "hasTests": true,
        "hasSuites": false,
        "totalTests": 1,
        "totalPasses": 1,
        "totalFailures": 0,
        "totalPending": 0,
        "totalSkipped": 0,
        "hasPasses": true,
        "hasFailures": false,
        "hasPending": false,
        "hasSkipped": false,
        "duration": 49,
        "rootEmpty": false
      },
      {
        "title": "hook示例",
        "suites": [],
        "tests": [
          {
            "title": "修改foo要成功",
            "fullTitle": "hook示例 修改foo要成功",
            "timedOut": false,
            "duration": 0,
            "state": "passed",
            "speed": "fast",
            "pass": true,
            "fail": false,
            "pending": false,
            "code": "assert.ok(foo)",
            "err": {},
            "isRoot": false,
            "uuid": "46844d11-e617-47df-ad34-861c6ad6d6ef",
            "parentUUID": "01cb2172-142c-4008-8570-e61f9ae38327",
            "skipped": false
          }
        ],
        "pending": [],
        "root": false,
        "_timeout": null,
        "file": "/test/lib/hooks.js",
        "uuid": "01cb2172-142c-4008-8570-e61f9ae38327",
        "fullFile": "/Volumes/zxli/Code/DemoOfMocha/test/lib/hooks.js",
        "passes": [
          {
            "title": "修改foo要成功",
            "fullTitle": "hook示例 修改foo要成功",
            "timedOut": false,
            "duration": 0,
            "state": "passed",
            "speed": "fast",
            "pass": true,
            "fail": false,
            "pending": false,
            "code": "assert.ok(foo)",
            "err": {},
            "isRoot": false,
            "uuid": "46844d11-e617-47df-ad34-861c6ad6d6ef",
            "parentUUID": "01cb2172-142c-4008-8570-e61f9ae38327",
            "skipped": false
          }
        ],
        "failures": [],
        "skipped": [],
        "hasTests": true,
        "hasSuites": false,
        "totalTests": 1,
        "totalPasses": 1,
        "totalFailures": 0,
        "totalPending": 0,
        "totalSkipped": 0,
        "hasPasses": true,
        "hasFailures": false,
        "hasPending": false,
        "hasSkipped": false,
        "duration": 0,
        "rootEmpty": false
      },
      {
        "title": "Promise 异步测试",
        "suites": [],
        "tests": [
          {
            "title": "异步Promise返回一个对象",
            "fullTitle": "Promise 异步测试 异步Promise返回一个对象",
            "timedOut": false,
            "duration": 26,
            "state": "passed",
            "speed": "fast",
            "pass": true,
            "fail": false,
            "pending": false,
            "code": "return fetch('http://localhost:3000/api/test')\n    .then(function(res) {\n        return res.json();\n    }).then(function(json) {\n        console.log(json)\n        assert.deepEqual(json,{});\n    });",
            "err": {},
            "isRoot": false,
            "uuid": "4063e19b-4712-436c-9460-339e45e23596",
            "parentUUID": "a9345894-3764-4293-b8c1-8ebb5edb5c8c",
            "skipped": false
          }
        ],
        "pending": [],
        "root": false,
        "_timeout": null,
        "file": "/test/lib/promise.js",
        "uuid": "a9345894-3764-4293-b8c1-8ebb5edb5c8c",
        "fullFile": "/Volumes/zxli/Code/DemoOfMocha/test/lib/promise.js",
        "passes": [
          {
            "title": "异步Promise返回一个对象",
            "fullTitle": "Promise 异步测试 异步Promise返回一个对象",
            "timedOut": false,
            "duration": 26,
            "state": "passed",
            "speed": "fast",
            "pass": true,
            "fail": false,
            "pending": false,
            "code": "return fetch('http://localhost:3000/api/test')\n    .then(function(res) {\n        return res.json();\n    }).then(function(json) {\n        console.log(json)\n        assert.deepEqual(json,{});\n    });",
            "err": {},
            "isRoot": false,
            "uuid": "4063e19b-4712-436c-9460-339e45e23596",
            "parentUUID": "a9345894-3764-4293-b8c1-8ebb5edb5c8c",
            "skipped": false
          }
        ],
        "failures": [],
        "skipped": [],
        "hasTests": true,
        "hasSuites": false,
        "totalTests": 1,
        "totalPasses": 1,
        "totalFailures": 0,
        "totalPending": 0,
        "totalSkipped": 0,
        "hasPasses": true,
        "hasFailures": false,
        "hasPending": false,
        "hasSkipped": false,
        "duration": 26,
        "rootEmpty": false
      },
      {
        "title": "和函数的测试",
        "suites": [],
        "tests": [
          {
            "title": "5加6应该等于11",
            "fullTitle": "和函数的测试 5加6应该等于11",
            "timedOut": false,
            "duration": 0,
            "state": "passed",
            "speed": "fast",
            "pass": true,
            "fail": false,
            "pending": false,
            "code": "var expect=11;\nassert.equal(sum(5,6),expect);",
            "err": {},
            "isRoot": false,
            "uuid": "06029c50-e830-4902-bfe4-38bc8b99ff70",
            "parentUUID": "36fae0c4-8bc3-4210-9bea-49eac2a3596c",
            "skipped": false
          },
          {
            "title": "7加8应该等于15",
            "fullTitle": "和函数的测试 7加8应该等于15",
            "timedOut": false,
            "duration": 0,
            "pass": false,
            "fail": false,
            "pending": true,
            "code": "",
            "err": {},
            "isRoot": false,
            "uuid": "51f62443-0fbf-47f2-817b-277fb61ae207",
            "parentUUID": "36fae0c4-8bc3-4210-9bea-49eac2a3596c",
            "skipped": false
          }
        ],
        "pending": [
          {
            "title": "7加8应该等于15",
            "fullTitle": "和函数的测试 7加8应该等于15",
            "timedOut": false,
            "duration": 0,
            "pass": false,
            "fail": false,
            "pending": true,
            "code": "",
            "err": {},
            "isRoot": false,
            "uuid": "51f62443-0fbf-47f2-817b-277fb61ae207",
            "parentUUID": "36fae0c4-8bc3-4210-9bea-49eac2a3596c",
            "skipped": false
          }
        ],
        "root": false,
        "_timeout": null,
        "file": "/test/lib/skip.js",
        "uuid": "36fae0c4-8bc3-4210-9bea-49eac2a3596c",
        "fullFile": "/Volumes/zxli/Code/DemoOfMocha/test/lib/skip.js",
        "passes": [
          {
            "title": "5加6应该等于11",
            "fullTitle": "和函数的测试 5加6应该等于11",
            "timedOut": false,
            "duration": 0,
            "state": "passed",
            "speed": "fast",
            "pass": true,
            "fail": false,
            "pending": false,
            "code": "var expect=11;\nassert.equal(sum(5,6),expect);",
            "err": {},
            "isRoot": false,
            "uuid": "06029c50-e830-4902-bfe4-38bc8b99ff70",
            "parentUUID": "36fae0c4-8bc3-4210-9bea-49eac2a3596c",
            "skipped": false
          }
        ],
        "failures": [],
        "skipped": [],
        "hasTests": true,
        "hasSuites": false,
        "totalTests": 2,
        "totalPasses": 1,
        "totalFailures": 0,
        "totalPending": 1,
        "totalSkipped": 0,
        "hasPasses": true,
        "hasFailures": false,
        "hasPending": true,
        "hasSkipped": false,
        "duration": 0,
        "rootEmpty": false
      },
      {
        "title": "和函数的测试",
        "suites": [],
        "tests": [
          {
            "title": "1加1应该等于2",
            "fullTitle": "和函数的测试 1加1应该等于2",
            "timedOut": false,
            "duration": 0,
            "state": "passed",
            "speed": "fast",
            "pass": true,
            "fail": false,
            "pending": false,
            "code": "var expect=2;\nassert.equal(sum(1,1),expect);",
            "err": {},
            "isRoot": false,
            "uuid": "d0884c58-38e1-4a1f-8310-a603cde6ae02",
            "parentUUID": "9f83c25f-4136-49e2-97d0-4796d5c875cb",
            "skipped": false
          }
        ],
        "pending": [],
        "root": false,
        "_timeout": null,
        "file": "/test/lib/sum.js",
        "uuid": "9f83c25f-4136-49e2-97d0-4796d5c875cb",
        "fullFile": "/Volumes/zxli/Code/DemoOfMocha/test/lib/sum.js",
        "passes": [
          {
            "title": "1加1应该等于2",
            "fullTitle": "和函数的测试 1加1应该等于2",
            "timedOut": false,
            "duration": 0,
            "state": "passed",
            "speed": "fast",
            "pass": true,
            "fail": false,
            "pending": false,
            "code": "var expect=2;\nassert.equal(sum(1,1),expect);",
            "err": {},
            "isRoot": false,
            "uuid": "d0884c58-38e1-4a1f-8310-a603cde6ae02",
            "parentUUID": "9f83c25f-4136-49e2-97d0-4796d5c875cb",
            "skipped": false
          }
        ],
        "failures": [],
        "skipped": [],
        "hasTests": true,
        "hasSuites": false,
        "totalTests": 1,
        "totalPasses": 1,
        "totalFailures": 0,
        "totalPending": 0,
        "totalSkipped": 0,
        "hasPasses": true,
        "hasFailures": false,
        "hasPending": false,
        "hasSkipped": false,
        "duration": 0,
        "rootEmpty": false
      },
      {
        "title": "测试应该3000毫秒后结束",
        "suites": [],
        "tests": [
          {
            "title": "测试应该3000毫秒后结束",
            "fullTitle": "测试应该3000毫秒后结束 测试应该3000毫秒后结束",
            "timedOut": false,
            "duration": 2505,
            "state": "passed",
            "speed": "slow",
            "pass": true,
            "fail": false,
            "pending": false,
            "code": "var a=false;\nvar b = function () {\n    a=true;\n    assert.ok(a);\n    over();\n};\nsetTimeout(b,2500);",
            "err": {},
            "isRoot": false,
            "uuid": "4c9498b2-bef0-4bdb-b9c2-e50dae325851",
            "parentUUID": "bc550063-fc70-4911-b34a-76bbada71c78",
            "skipped": false
          }
        ],
        "pending": [],
        "root": false,
        "_timeout": null,
        "file": "/test/lib/timeout.js",
        "uuid": "bc550063-fc70-4911-b34a-76bbada71c78",
        "fullFile": "/Volumes/zxli/Code/DemoOfMocha/test/lib/timeout.js",
        "passes": [
          {
            "title": "测试应该3000毫秒后结束",
            "fullTitle": "测试应该3000毫秒后结束 测试应该3000毫秒后结束",
            "timedOut": false,
            "duration": 2505,
            "state": "passed",
            "speed": "slow",
            "pass": true,
            "fail": false,
            "pending": false,
            "code": "var a=false;\nvar b = function () {\n    a=true;\n    assert.ok(a);\n    over();\n};\nsetTimeout(b,2500);",
            "err": {},
            "isRoot": false,
            "uuid": "4c9498b2-bef0-4bdb-b9c2-e50dae325851",
            "parentUUID": "bc550063-fc70-4911-b34a-76bbada71c78",
            "skipped": false
          }
        ],
        "failures": [],
        "skipped": [],
        "hasTests": true,
        "hasSuites": false,
        "totalTests": 1,
        "totalPasses": 1,
        "totalFailures": 0,
        "totalPending": 0,
        "totalSkipped": 0,
        "hasPasses": true,
        "hasFailures": false,
        "hasPending": false,
        "hasSkipped": false,
        "duration": 2505,
        "rootEmpty": false
      }
    ],
    "tests": [],
    "pending": [],
    "root": true,
    "_timeout": null,
    "uuid": "9bae6878-3615-4079-bb1f-98f6694a8494",
    "fullFile": "",
    "file": "",
    "passes": [],
    "failures": [],
    "skipped": [],
    "hasTests": false,
    "hasSuites": true,
    "totalTests": 0,
    "totalPasses": 0,
    "totalFailures": 0,
    "totalPending": 0,
    "totalSkipped": 0,
    "hasPasses": false,
    "hasFailures": false,
    "hasPending": false,
    "hasSkipped": false,
    "duration": 0,
    "rootEmpty": true
  },
  "allTests": [
    {
      "title": "测试异步请求返回一个对象",
      "fullTitle": "测试异步请求 测试异步请求返回一个对象",
      "timedOut": false,
      "duration": 49,
      "state": "passed",
      "speed": "medium",
      "pass": true,
      "fail": false,
      "pending": false,
      "code": "request\n    .get('http://localhost:3000/api/test')\n    .end(function(err, res){\n        assert.deepEqual(res.body,Object)\n        next();\n    });",
      "err": {},
      "isRoot": false,
      "uuid": "a621bd9e-f7e2-4e81-b9cb-ef10db0175ea",
      "parentUUID": "ffebaa19-25dd-48b6-b33e-05d914b22b79",
      "skipped": false
    },
    {
      "title": "修改foo要成功",
      "fullTitle": "hook示例 修改foo要成功",
      "timedOut": false,
      "duration": 0,
      "state": "passed",
      "speed": "fast",
      "pass": true,
      "fail": false,
      "pending": false,
      "code": "assert.ok(foo)",
      "err": {},
      "isRoot": false,
      "uuid": "46844d11-e617-47df-ad34-861c6ad6d6ef",
      "parentUUID": "01cb2172-142c-4008-8570-e61f9ae38327",
      "skipped": false
    },
    {
      "title": "异步Promise返回一个对象",
      "fullTitle": "Promise 异步测试 异步Promise返回一个对象",
      "timedOut": false,
      "duration": 26,
      "state": "passed",
      "speed": "fast",
      "pass": true,
      "fail": false,
      "pending": false,
      "code": "return fetch('http://localhost:3000/api/test')\n    .then(function(res) {\n        return res.json();\n    }).then(function(json) {\n        console.log(json)\n        assert.deepEqual(json,{});\n    });",
      "err": {},
      "isRoot": false,
      "uuid": "4063e19b-4712-436c-9460-339e45e23596",
      "parentUUID": "a9345894-3764-4293-b8c1-8ebb5edb5c8c",
      "skipped": false
    },
    {
      "title": "5加6应该等于11",
      "fullTitle": "和函数的测试 5加6应该等于11",
      "timedOut": false,
      "duration": 0,
      "state": "passed",
      "speed": "fast",
      "pass": true,
      "fail": false,
      "pending": false,
      "code": "var expect=11;\nassert.equal(sum(5,6),expect);",
      "err": {},
      "isRoot": false,
      "uuid": "06029c50-e830-4902-bfe4-38bc8b99ff70",
      "parentUUID": "36fae0c4-8bc3-4210-9bea-49eac2a3596c",
      "skipped": false
    },
    {
      "title": "7加8应该等于15",
      "fullTitle": "和函数的测试 7加8应该等于15",
      "timedOut": false,
      "duration": 0,
      "pass": false,
      "fail": false,
      "pending": true,
      "code": "",
      "err": {},
      "isRoot": false,
      "uuid": "51f62443-0fbf-47f2-817b-277fb61ae207",
      "parentUUID": "36fae0c4-8bc3-4210-9bea-49eac2a3596c",
      "skipped": false
    },
    {
      "title": "1加1应该等于2",
      "fullTitle": "和函数的测试 1加1应该等于2",
      "timedOut": false,
      "duration": 0,
      "state": "passed",
      "speed": "fast",
      "pass": true,
      "fail": false,
      "pending": false,
      "code": "var expect=2;\nassert.equal(sum(1,1),expect);",
      "err": {},
      "isRoot": false,
      "uuid": "d0884c58-38e1-4a1f-8310-a603cde6ae02",
      "parentUUID": "9f83c25f-4136-49e2-97d0-4796d5c875cb",
      "skipped": false
    },
    {
      "title": "测试应该3000毫秒后结束",
      "fullTitle": "测试应该3000毫秒后结束 测试应该3000毫秒后结束",
      "timedOut": false,
      "duration": 2505,
      "state": "passed",
      "speed": "slow",
      "pass": true,
      "fail": false,
      "pending": false,
      "code": "var a=false;\nvar b = function () {\n    a=true;\n    assert.ok(a);\n    over();\n};\nsetTimeout(b,2500);",
      "err": {},
      "isRoot": false,
      "uuid": "4c9498b2-bef0-4bdb-b9c2-e50dae325851",
      "parentUUID": "bc550063-fc70-4911-b34a-76bbada71c78",
      "skipped": false
    }
  ],
  "allPending": [
    {
      "title": "7加8应该等于15",
      "fullTitle": "和函数的测试 7加8应该等于15",
      "timedOut": false,
      "duration": 0,
      "pass": false,
      "fail": false,
      "pending": true,
      "code": "",
      "err": {},
      "isRoot": false,
      "uuid": "51f62443-0fbf-47f2-817b-277fb61ae207",
      "parentUUID": "36fae0c4-8bc3-4210-9bea-49eac2a3596c",
      "skipped": false
    }
  ],
  "allPasses": [
    {
      "title": "测试异步请求返回一个对象",
      "fullTitle": "测试异步请求 测试异步请求返回一个对象",
      "timedOut": false,
      "duration": 49,
      "state": "passed",
      "speed": "medium",
      "pass": true,
      "fail": false,
      "pending": false,
      "code": "request\n    .get('http://localhost:3000/api/test')\n    .end(function(err, res){\n        assert.deepEqual(res.body,Object)\n        next();\n    });",
      "err": {},
      "isRoot": false,
      "uuid": "a621bd9e-f7e2-4e81-b9cb-ef10db0175ea",
      "parentUUID": "ffebaa19-25dd-48b6-b33e-05d914b22b79",
      "skipped": false
    },
    {
      "title": "修改foo要成功",
      "fullTitle": "hook示例 修改foo要成功",
      "timedOut": false,
      "duration": 0,
      "state": "passed",
      "speed": "fast",
      "pass": true,
      "fail": false,
      "pending": false,
      "code": "assert.ok(foo)",
      "err": {},
      "isRoot": false,
      "uuid": "46844d11-e617-47df-ad34-861c6ad6d6ef",
      "parentUUID": "01cb2172-142c-4008-8570-e61f9ae38327",
      "skipped": false
    },
    {
      "title": "异步Promise返回一个对象",
      "fullTitle": "Promise 异步测试 异步Promise返回一个对象",
      "timedOut": false,
      "duration": 26,
      "state": "passed",
      "speed": "fast",
      "pass": true,
      "fail": false,
      "pending": false,
      "code": "return fetch('http://localhost:3000/api/test')\n    .then(function(res) {\n        return res.json();\n    }).then(function(json) {\n        console.log(json)\n        assert.deepEqual(json,{});\n    });",
      "err": {},
      "isRoot": false,
      "uuid": "4063e19b-4712-436c-9460-339e45e23596",
      "parentUUID": "a9345894-3764-4293-b8c1-8ebb5edb5c8c",
      "skipped": false
    },
    {
      "title": "5加6应该等于11",
      "fullTitle": "和函数的测试 5加6应该等于11",
      "timedOut": false,
      "duration": 0,
      "state": "passed",
      "speed": "fast",
      "pass": true,
      "fail": false,
      "pending": false,
      "code": "var expect=11;\nassert.equal(sum(5,6),expect);",
      "err": {},
      "isRoot": false,
      "uuid": "06029c50-e830-4902-bfe4-38bc8b99ff70",
      "parentUUID": "36fae0c4-8bc3-4210-9bea-49eac2a3596c",
      "skipped": false
    },
    {
      "title": "1加1应该等于2",
      "fullTitle": "和函数的测试 1加1应该等于2",
      "timedOut": false,
      "duration": 0,
      "state": "passed",
      "speed": "fast",
      "pass": true,
      "fail": false,
      "pending": false,
      "code": "var expect=2;\nassert.equal(sum(1,1),expect);",
      "err": {},
      "isRoot": false,
      "uuid": "d0884c58-38e1-4a1f-8310-a603cde6ae02",
      "parentUUID": "9f83c25f-4136-49e2-97d0-4796d5c875cb",
      "skipped": false
    },
    {
      "title": "测试应该3000毫秒后结束",
      "fullTitle": "测试应该3000毫秒后结束 测试应该3000毫秒后结束",
      "timedOut": false,
      "duration": 2505,
      "state": "passed",
      "speed": "slow",
      "pass": true,
      "fail": false,
      "pending": false,
      "code": "var a=false;\nvar b = function () {\n    a=true;\n    assert.ok(a);\n    over();\n};\nsetTimeout(b,2500);",
      "err": {},
      "isRoot": false,
      "uuid": "4c9498b2-bef0-4bdb-b9c2-e50dae325851",
      "parentUUID": "bc550063-fc70-4911-b34a-76bbada71c78",
      "skipped": false
    }
  ],
  "allFailures": [],
  "copyrightYear": 2017
}